  [1m[35m (287.2ms)[0m  [1m[35mCREATE DATABASE "orders_development" ENCODING = 'unicode'[0m
  [1m[35m (145.9ms)[0m  [1m[35mCREATE DATABASE "orders_test" ENCODING = 'unicode'[0m
  [1m[35m (23.9ms)[0m  [1m[35mCREATE TABLE "schema_migrations" ("version" character varying NOT NULL PRIMARY KEY)[0m
  [1m[35m (14.0ms)[0m  [1m[35mCREATE TABLE "ar_internal_metadata" ("key" character varying NOT NULL PRIMARY KEY, "value" character varying, "created_at" timestamp(6) NOT NULL, "updated_at" timestamp(6) NOT NULL)[0m
  [1m[35m (0.3ms)[0m  [1m[34mSELECT pg_try_advisory_lock(6181865817889774320)[0m
  [1m[35m (0.5ms)[0m  [1m[34mSELECT "schema_migrations"."version" FROM "schema_migrations" ORDER BY "schema_migrations"."version" ASC[0m
Migrating to CreateOrders (20201120124027)
  [1m[35m (0.2ms)[0m  [1m[35mBEGIN[0m
  [1m[35m (22.0ms)[0m  [1m[35mCREATE TABLE "orders" ("id" bigserial primary key, "amount" float, "status" character varying, "created_at" timestamp(6) NOT NULL, "updated_at" timestamp(6) NOT NULL)[0m
  [1m[36mprimary::SchemaMigration Create (0.8ms)[0m  [1m[32mINSERT INTO "schema_migrations" ("version") VALUES ($1) RETURNING "version"[0m  [["version", "20201120124027"]]
  [1m[35m (0.5ms)[0m  [1m[35mCOMMIT[0m
  [1m[36mActiveRecord::InternalMetadata Load (2.2ms)[0m  [1m[34mSELECT "ar_internal_metadata".* FROM "ar_internal_metadata" WHERE "ar_internal_metadata"."key" = $1 LIMIT $2[0m  [["key", "environment"], ["LIMIT", 1]]
  [1m[35m (0.2ms)[0m  [1m[35mBEGIN[0m
  [1m[36mActiveRecord::InternalMetadata Create (0.8ms)[0m  [1m[32mINSERT INTO "ar_internal_metadata" ("key", "value", "created_at", "updated_at") VALUES ($1, $2, $3, $4) RETURNING "key"[0m  [["key", "environment"], ["value", "development"], ["created_at", "2020-11-20 12:40:56.818220"], ["updated_at", "2020-11-20 12:40:56.818220"]]
  [1m[35m (5.2ms)[0m  [1m[35mCOMMIT[0m
  [1m[35m (1.2ms)[0m  [1m[34mSELECT pg_advisory_unlock(6181865817889774320)[0m
  [1m[35m (0.9ms)[0m  [1m[34mSELECT "schema_migrations"."version" FROM "schema_migrations" ORDER BY "schema_migrations"."version" ASC[0m
  [1m[35m (0.3ms)[0m  [1m[34mSELECT pg_try_advisory_lock(6181865817889774320)[0m
  [1m[35m (0.7ms)[0m  [1m[34mSELECT "schema_migrations"."version" FROM "schema_migrations" ORDER BY "schema_migrations"."version" ASC[0m
  [1m[36mActiveRecord::InternalMetadata Load (0.5ms)[0m  [1m[34mSELECT "ar_internal_metadata".* FROM "ar_internal_metadata" WHERE "ar_internal_metadata"."key" = $1 LIMIT $2[0m  [["key", "environment"], ["LIMIT", 1]]
  [1m[35m (0.3ms)[0m  [1m[34mSELECT pg_advisory_unlock(6181865817889774320)[0m
  [1m[35m (0.6ms)[0m  [1m[34mSELECT "schema_migrations"."version" FROM "schema_migrations" ORDER BY "schema_migrations"."version" ASC[0m
  [1m[35m (0.2ms)[0m  [1m[34mSELECT pg_try_advisory_lock(6181865817889774320)[0m
  [1m[35m (0.7ms)[0m  [1m[34mSELECT "schema_migrations"."version" FROM "schema_migrations" ORDER BY "schema_migrations"."version" ASC[0m
  [1m[36mActiveRecord::InternalMetadata Load (0.4ms)[0m  [1m[34mSELECT "ar_internal_metadata".* FROM "ar_internal_metadata" WHERE "ar_internal_metadata"."key" = $1 LIMIT $2[0m  [["key", "environment"], ["LIMIT", 1]]
  [1m[35m (0.2ms)[0m  [1m[34mSELECT pg_advisory_unlock(6181865817889774320)[0m
  [1m[35m (0.6ms)[0m  [1m[34mSELECT "schema_migrations"."version" FROM "schema_migrations" ORDER BY "schema_migrations"."version" ASC[0m
  [1m[35m (0.2ms)[0m  [1m[34mSELECT pg_try_advisory_lock(6181865817889774320)[0m
  [1m[35m (0.6ms)[0m  [1m[34mSELECT "schema_migrations"."version" FROM "schema_migrations" ORDER BY "schema_migrations"."version" ASC[0m
Migrating to CreateOrders (20201120125842)
  [1m[35m (0.2ms)[0m  [1m[35mBEGIN[0m
  [1m[35m (41.1ms)[0m  [1m[35mCREATE TABLE "orders" ("id" bigserial primary key, "amount" float, "status" character varying, "customer" jsonb DEFAULT '"{}"' NOT NULL, "detail" jsonb DEFAULT '"{}"' NOT NULL, "created_at" timestamp(6) NOT NULL, "updated_at" timestamp(6) NOT NULL)[0m
  [1m[35m (0.8ms)[0m  [1m[31mROLLBACK[0m
  [1m[35m (0.6ms)[0m  [1m[34mSELECT pg_advisory_unlock(6181865817889774320)[0m
  [1m[35m (263.3ms)[0m  [1m[35mCREATE DATABASE "orders_development" ENCODING = 'unicode'[0m
  [1m[35m (79.3ms)[0m  [1m[35mCREATE DATABASE "orders_test" ENCODING = 'unicode'[0m
  [1m[35m (22.8ms)[0m  [1m[35mCREATE TABLE "schema_migrations" ("version" character varying NOT NULL PRIMARY KEY)[0m
  [1m[35m (24.5ms)[0m  [1m[35mCREATE TABLE "ar_internal_metadata" ("key" character varying NOT NULL PRIMARY KEY, "value" character varying, "created_at" timestamp(6) NOT NULL, "updated_at" timestamp(6) NOT NULL)[0m
  [1m[35m (0.7ms)[0m  [1m[34mSELECT pg_try_advisory_lock(6181865817889774320)[0m
  [1m[35m (0.5ms)[0m  [1m[34mSELECT "schema_migrations"."version" FROM "schema_migrations" ORDER BY "schema_migrations"."version" ASC[0m
Migrating to CreateOrders (20201120125842)
  [1m[35m (0.2ms)[0m  [1m[35mBEGIN[0m
  [1m[35m (27.2ms)[0m  [1m[35mCREATE TABLE "orders" ("id" bigserial primary key, "amount" float, "status" character varying, "customer" jsonb DEFAULT '"{}"' NOT NULL, "detail" jsonb DEFAULT '"{}"' NOT NULL, "created_at" timestamp(6) NOT NULL, "updated_at" timestamp(6) NOT NULL)[0m
  [1m[36mprimary::SchemaMigration Create (2.3ms)[0m  [1m[32mINSERT INTO "schema_migrations" ("version") VALUES ($1) RETURNING "version"[0m  [["version", "20201120125842"]]
  [1m[35m (0.4ms)[0m  [1m[35mCOMMIT[0m
  [1m[36mActiveRecord::InternalMetadata Load (0.3ms)[0m  [1m[34mSELECT "ar_internal_metadata".* FROM "ar_internal_metadata" WHERE "ar_internal_metadata"."key" = $1 LIMIT $2[0m  [["key", "environment"], ["LIMIT", 1]]
  [1m[35m (0.1ms)[0m  [1m[35mBEGIN[0m
  [1m[36mActiveRecord::InternalMetadata Create (0.5ms)[0m  [1m[32mINSERT INTO "ar_internal_metadata" ("key", "value", "created_at", "updated_at") VALUES ($1, $2, $3, $4) RETURNING "key"[0m  [["key", "environment"], ["value", "development"], ["created_at", "2020-11-20 13:04:58.055179"], ["updated_at", "2020-11-20 13:04:58.055179"]]
  [1m[35m (5.0ms)[0m  [1m[35mCOMMIT[0m
  [1m[35m (0.3ms)[0m  [1m[34mSELECT pg_advisory_unlock(6181865817889774320)[0m
  [1m[35m (1.2ms)[0m  [1m[34mSELECT "schema_migrations"."version" FROM "schema_migrations" ORDER BY "schema_migrations"."version" ASC[0m
  [1m[35m (280.7ms)[0m  [1m[35mCREATE DATABASE "orders_development" ENCODING = 'unicode'[0m
  [1m[35m (110.2ms)[0m  [1m[35mCREATE DATABASE "orders_test" ENCODING = 'unicode'[0m
  [1m[35m (23.6ms)[0m  [1m[35mCREATE TABLE "schema_migrations" ("version" character varying NOT NULL PRIMARY KEY)[0m
  [1m[35m (20.1ms)[0m  [1m[35mCREATE TABLE "ar_internal_metadata" ("key" character varying NOT NULL PRIMARY KEY, "value" character varying, "created_at" timestamp(6) NOT NULL, "updated_at" timestamp(6) NOT NULL)[0m
  [1m[35m (0.3ms)[0m  [1m[34mSELECT pg_try_advisory_lock(6181865817889774320)[0m
  [1m[35m (0.5ms)[0m  [1m[34mSELECT "schema_migrations"."version" FROM "schema_migrations" ORDER BY "schema_migrations"."version" ASC[0m
Migrating to CreateOrders (20201120130724)
  [1m[35m (0.2ms)[0m  [1m[35mBEGIN[0m
  [1m[35m (17.4ms)[0m  [1m[35mCREATE TABLE "orders" ("id" bigserial primary key, "amount" float, "status" character varying, "customer" jsonb DEFAULT '"{}"' NOT NULL, "order_detail" jsonb DEFAULT '"{}"' NOT NULL, "created_at" timestamp(6) NOT NULL, "updated_at" timestamp(6) NOT NULL)[0m
  [1m[35m (2.4ms)[0m  [1m[35mCREATE  INDEX  "index_orders_on_customer" ON "orders" USING gin ("customer")[0m
  [1m[36mprimary::SchemaMigration Create (0.5ms)[0m  [1m[32mINSERT INTO "schema_migrations" ("version") VALUES ($1) RETURNING "version"[0m  [["version", "20201120130724"]]
  [1m[35m (0.4ms)[0m  [1m[35mCOMMIT[0m
  [1m[36mActiveRecord::InternalMetadata Load (0.3ms)[0m  [1m[34mSELECT "ar_internal_metadata".* FROM "ar_internal_metadata" WHERE "ar_internal_metadata"."key" = $1 LIMIT $2[0m  [["key", "environment"], ["LIMIT", 1]]
  [1m[35m (0.2ms)[0m  [1m[35mBEGIN[0m
  [1m[36mActiveRecord::InternalMetadata Create (2.0ms)[0m  [1m[32mINSERT INTO "ar_internal_metadata" ("key", "value", "created_at", "updated_at") VALUES ($1, $2, $3, $4) RETURNING "key"[0m  [["key", "environment"], ["value", "development"], ["created_at", "2020-11-20 13:09:23.997883"], ["updated_at", "2020-11-20 13:09:23.997883"]]
  [1m[35m (1.4ms)[0m  [1m[35mCOMMIT[0m
  [1m[35m (0.6ms)[0m  [1m[34mSELECT pg_advisory_unlock(6181865817889774320)[0m
  [1m[35m (0.6ms)[0m  [1m[34mSELECT "schema_migrations"."version" FROM "schema_migrations" ORDER BY "schema_migrations"."version" ASC[0m
Started GET "/test" for 127.0.0.1 at 2020-11-20 16:28:13 +0300
  [1m[35m (12.5ms)[0m  [1m[34mSELECT "schema_migrations"."version" FROM "schema_migrations" ORDER BY "schema_migrations"."version" ASC[0m
  
ActionController::RoutingError (uninitialized constant CustomersController):
  
actionpack (6.0.3.4) lib/action_dispatch/http/request.rb:92:in `rescue in controller_class_for'
actionpack (6.0.3.4) lib/action_dispatch/http/request.rb:88:in `controller_class_for'
actionpack (6.0.3.4) lib/action_dispatch/http/request.rb:81:in `controller_class'
actionpack (6.0.3.4) lib/action_dispatch/routing/route_set.rb:44:in `controller'
actionpack (6.0.3.4) lib/action_dispatch/routing/route_set.rb:31:in `serve'
actionpack (6.0.3.4) lib/action_dispatch/journey/router.rb:49:in `block in serve'
actionpack (6.0.3.4) lib/action_dispatch/journey/router.rb:32:in `each'
actionpack (6.0.3.4) lib/action_dispatch/journey/router.rb:32:in `serve'
actionpack (6.0.3.4) lib/action_dispatch/routing/route_set.rb:834:in `call'
rack (2.2.3) lib/rack/etag.rb:27:in `call'
rack (2.2.3) lib/rack/conditional_get.rb:27:in `call'
rack (2.2.3) lib/rack/head.rb:12:in `call'
activerecord (6.0.3.4) lib/active_record/migration.rb:567:in `call'
actionpack (6.0.3.4) lib/action_dispatch/middleware/callbacks.rb:27:in `block in call'
activesupport (6.0.3.4) lib/active_support/callbacks.rb:101:in `run_callbacks'
actionpack (6.0.3.4) lib/action_dispatch/middleware/callbacks.rb:26:in `call'
actionpack (6.0.3.4) lib/action_dispatch/middleware/executor.rb:14:in `call'
actionpack (6.0.3.4) lib/action_dispatch/middleware/actionable_exceptions.rb:18:in `call'
actionpack (6.0.3.4) lib/action_dispatch/middleware/debug_exceptions.rb:32:in `call'
actionpack (6.0.3.4) lib/action_dispatch/middleware/show_exceptions.rb:33:in `call'
railties (6.0.3.4) lib/rails/rack/logger.rb:37:in `call_app'
railties (6.0.3.4) lib/rails/rack/logger.rb:26:in `block in call'
activesupport (6.0.3.4) lib/active_support/tagged_logging.rb:80:in `block in tagged'
activesupport (6.0.3.4) lib/active_support/tagged_logging.rb:28:in `tagged'
activesupport (6.0.3.4) lib/active_support/tagged_logging.rb:80:in `tagged'
railties (6.0.3.4) lib/rails/rack/logger.rb:26:in `call'
actionpack (6.0.3.4) lib/action_dispatch/middleware/remote_ip.rb:81:in `call'
actionpack (6.0.3.4) lib/action_dispatch/middleware/request_id.rb:27:in `call'
rack (2.2.3) lib/rack/runtime.rb:22:in `call'
activesupport (6.0.3.4) lib/active_support/cache/strategy/local_cache_middleware.rb:29:in `call'
actionpack (6.0.3.4) lib/action_dispatch/middleware/executor.rb:14:in `call'
actionpack (6.0.3.4) lib/action_dispatch/middleware/static.rb:126:in `call'
rack (2.2.3) lib/rack/sendfile.rb:110:in `call'
actionpack (6.0.3.4) lib/action_dispatch/middleware/host_authorization.rb:82:in `call'
railties (6.0.3.4) lib/rails/engine.rb:527:in `call'
puma (4.3.6) lib/puma/configuration.rb:228:in `call'
puma (4.3.6) lib/puma/server.rb:713:in `handle_request'
puma (4.3.6) lib/puma/server.rb:472:in `process_client'
puma (4.3.6) lib/puma/server.rb:328:in `block in run'
puma (4.3.6) lib/puma/thread_pool.rb:134:in `block in spawn_thread'
Started GET "/test" for 127.0.0.1 at 2020-11-20 16:28:43 +0300
Processing by OrdersController#test as */*
  Parameters: {"order"=>{}}
  [1m[35m (17.3ms)[0m  [1m[35mBEGIN[0m
  ↳ app/controllers/orders_controller.rb:38:in `test'
  [1m[36mOrder Create (43.6ms)[0m  [1m[32mINSERT INTO "orders" ("amount", "status", "customer", "order_detail", "created_at", "updated_at") VALUES ($1, $2, $3, $4, $5, $6) RETURNING "id"[0m  [["amount", 3445.76], ["status", "Pending"], ["customer", "{\"id\":32,\"name\":\"Murera Ikihia\"}"], ["order_detail", "{\"details\":[{\"id\":1088,\"name\":\"Nokia 7\",\"quantity\":2,\"price\":235.45},{\"id\":1684,\"name\":\"Samsung X224-49 TV\",\"quantity\":1,\"price\":433.99}]}"], ["created_at", "2020-11-20 13:28:43.372815"], ["updated_at", "2020-11-20 13:28:43.372815"]]
  ↳ app/controllers/orders_controller.rb:38:in `test'
  [1m[35m (23.9ms)[0m  [1m[35mCOMMIT[0m
  ↳ app/controllers/orders_controller.rb:38:in `test'
Completed 201 Created in 154ms (Views: 1.5ms | ActiveRecord: 166.4ms | Allocations: 7192)


Started GET "/test" for 127.0.0.1 at 2020-11-20 16:29:57 +0300
Processing by OrdersController#test as */*
  Parameters: {"order"=>{}}
  [1m[35m (0.2ms)[0m  [1m[35mBEGIN[0m
  ↳ app/controllers/orders_controller.rb:38:in `test'
  [1m[36mOrder Create (82.1ms)[0m  [1m[32mINSERT INTO "orders" ("amount", "status", "customer", "order_detail", "created_at", "updated_at") VALUES ($1, $2, $3, $4, $5, $6) RETURNING "id"[0m  [["amount", 3445.76], ["status", "Pending"], ["customer", "{\"id\":32,\"name\":\"Murera Ikihia\"}"], ["order_detail", "[{\"id\":1088,\"name\":\"Nokia 7\",\"quantity\":2,\"price\":235.45},{\"id\":1684,\"name\":\"Samsung X224-49 TV\",\"quantity\":1,\"price\":433.99}]"], ["created_at", "2020-11-20 13:29:57.941427"], ["updated_at", "2020-11-20 13:29:57.941427"]]
  ↳ app/controllers/orders_controller.rb:38:in `test'
  [1m[35m (1.7ms)[0m  [1m[35mCOMMIT[0m
  ↳ app/controllers/orders_controller.rb:38:in `test'
Completed 201 Created in 226ms (Views: 3.2ms | ActiveRecord: 111.9ms | Allocations: 6527)


Started POST "/orders" for 127.0.0.1 at 2020-11-20 16:33:32 +0300
  [1m[35m (1.0ms)[0m  [1m[34mSELECT "schema_migrations"."version" FROM "schema_migrations" ORDER BY "schema_migrations"."version" ASC[0m
Processing by OrdersController#create as */*
  Parameters: {"amount"=>3445.76, "status"=>"Pending", "customer"=>{"id"=>32, "name"=>"Murera Ikihia"}, "order_detail"=>[{"id"=>1088, "name"=>"Nokia 7", "quantity"=>2, "price"=>235.45}, {"id"=>1684, "name"=>"Samsung X224-49 TV", "quantity"=>1, "price"=>433.99}], "order"=>{"amount"=>3445.76, "status"=>"Pending", "customer"=>{"id"=>32, "name"=>"Murera Ikihia"}, "order_detail"=>[{"id"=>1088, "name"=>"Nokia 7", "quantity"=>2, "price"=>235.45}, {"id"=>1684, "name"=>"Samsung X224-49 TV", "quantity"=>1, "price"=>433.99}]}}
[31mUnpermitted parameters: :customer, :order_detail, :order[0m
  [1m[35m (0.6ms)[0m  [1m[35mBEGIN[0m
  ↳ app/controllers/orders_controller.rb:8:in `create'
  [1m[36mOrder Create (0.7ms)[0m  [1m[32mINSERT INTO "orders" ("amount", "status", "created_at", "updated_at") VALUES ($1, $2, $3, $4) RETURNING "id"[0m  [["amount", 3445.76], ["status", "Pending"], ["created_at", "2020-11-20 13:33:33.084718"], ["updated_at", "2020-11-20 13:33:33.084718"]]
  ↳ app/controllers/orders_controller.rb:8:in `create'
  [1m[35m (4.7ms)[0m  [1m[35mCOMMIT[0m
  ↳ app/controllers/orders_controller.rb:8:in `create'
Completed 201 Created in 114ms (Views: 5.0ms | ActiveRecord: 78.3ms | Allocations: 6680)


Started POST "/orders" for 127.0.0.1 at 2020-11-20 16:41:38 +0300
  [1m[35m (0.8ms)[0m  [1m[34mSELECT "schema_migrations"."version" FROM "schema_migrations" ORDER BY "schema_migrations"."version" ASC[0m
Processing by OrdersController#create as */*
  Parameters: {"amount"=>3445.76, "status"=>"Pending", "customer"=>{"id"=>32, "name"=>"Murera Ikihia"}, "order_detail"=>[{"id"=>1088, "name"=>"Nokia 7", "quantity"=>2, "price"=>235.45}, {"id"=>1684, "name"=>"Samsung X224-49 TV", "quantity"=>1, "price"=>433.99}], "order"=>{"amount"=>3445.76, "status"=>"Pending", "customer"=>{"id"=>32, "name"=>"Murera Ikihia"}, "order_detail"=>[{"id"=>1088, "name"=>"Nokia 7", "quantity"=>2, "price"=>235.45}, {"id"=>1684, "name"=>"Samsung X224-49 TV", "quantity"=>1, "price"=>433.99}]}}
Completed 500 Internal Server Error in 2ms (ActiveRecord: 5.4ms | Allocations: 963)


  
NoMethodError (undefined method `params' for #<ActionController::Parameters:0x00007f8e603a9490>
Did you mean?  parameters):
  
app/controllers/orders_controller.rb:54:in `book_params'
app/controllers/orders_controller.rb:8:in `create'
Started POST "/orders" for 127.0.0.1 at 2020-11-20 16:42:02 +0300
Processing by OrdersController#create as */*
  Parameters: {"amount"=>3445.76, "status"=>"Pending", "customer"=>{"id"=>32, "name"=>"Murera Ikihia"}, "order_detail"=>[{"id"=>1088, "name"=>"Nokia 7", "quantity"=>2, "price"=>235.45}, {"id"=>1684, "name"=>"Samsung X224-49 TV", "quantity"=>1, "price"=>433.99}], "order"=>{"amount"=>3445.76, "status"=>"Pending", "customer"=>{"id"=>32, "name"=>"Murera Ikihia"}, "order_detail"=>[{"id"=>1088, "name"=>"Nokia 7", "quantity"=>2, "price"=>235.45}, {"id"=>1684, "name"=>"Samsung X224-49 TV", "quantity"=>1, "price"=>433.99}]}}
[31mUnpermitted parameters: :amount, :status[0m
  [1m[35m (0.2ms)[0m  [1m[35mBEGIN[0m
  ↳ app/controllers/orders_controller.rb:8:in `create'
  [1m[36mOrder Create (0.8ms)[0m  [1m[32mINSERT INTO "orders" ("customer", "order_detail", "created_at", "updated_at") VALUES ($1, $2, $3, $4) RETURNING "id"[0m  [["customer", "{\"id\":32,\"name\":\"Murera Ikihia\"}"], ["order_detail", "[{\"id\":1088,\"name\":\"Nokia 7\",\"quantity\":2,\"price\":235.45},{\"id\":1684,\"name\":\"Samsung X224-49 TV\",\"quantity\":1,\"price\":433.99}]"], ["created_at", "2020-11-20 13:42:02.837278"], ["updated_at", "2020-11-20 13:42:02.837278"]]
  ↳ app/controllers/orders_controller.rb:8:in `create'
  [1m[35m (0.8ms)[0m  [1m[35mCOMMIT[0m
  ↳ app/controllers/orders_controller.rb:8:in `create'
Completed 201 Created in 104ms (Views: 0.4ms | ActiveRecord: 35.5ms | Allocations: 7525)


Started POST "/orders" for 127.0.0.1 at 2020-11-20 16:43:03 +0300
Processing by OrdersController#create as */*
  Parameters: {"amount"=>3445.76, "status"=>"Pending", "customer"=>{"id"=>32, "name"=>"Murera Ikihia"}, "order_detail"=>[{"id"=>1088, "name"=>"Nokia 7", "quantity"=>2, "price"=>235.45}, {"id"=>1684, "name"=>"Samsung X224-49 TV", "quantity"=>1, "price"=>433.99}], "order"=>{"amount"=>3445.76, "status"=>"Pending", "customer"=>{"id"=>32, "name"=>"Murera Ikihia"}, "order_detail"=>[{"id"=>1088, "name"=>"Nokia 7", "quantity"=>2, "price"=>235.45}, {"id"=>1684, "name"=>"Samsung X224-49 TV", "quantity"=>1, "price"=>433.99}]}}
[31mUnpermitted parameter: :order[0m
  [1m[35m (0.7ms)[0m  [1m[35mBEGIN[0m
  ↳ app/controllers/orders_controller.rb:8:in `create'
  [1m[36mOrder Create (22.0ms)[0m  [1m[32mINSERT INTO "orders" ("amount", "status", "customer", "order_detail", "created_at", "updated_at") VALUES ($1, $2, $3, $4, $5, $6) RETURNING "id"[0m  [["amount", 3445.76], ["status", "Pending"], ["customer", "{\"id\":32,\"name\":\"Murera Ikihia\"}"], ["order_detail", "[{\"id\":1088,\"name\":\"Nokia 7\",\"quantity\":2,\"price\":235.45},{\"id\":1684,\"name\":\"Samsung X224-49 TV\",\"quantity\":1,\"price\":433.99}]"], ["created_at", "2020-11-20 13:43:04.082339"], ["updated_at", "2020-11-20 13:43:04.082339"]]
  ↳ app/controllers/orders_controller.rb:8:in `create'
  [1m[35m (16.4ms)[0m  [1m[35mCOMMIT[0m
  ↳ app/controllers/orders_controller.rb:8:in `create'
Completed 201 Created in 133ms (Views: 2.6ms | ActiveRecord: 103.7ms | Allocations: 6992)


Started GET "/orders/4" for 127.0.0.1 at 2020-11-20 16:46:30 +0300
  [1m[35m (0.8ms)[0m  [1m[34mSELECT "schema_migrations"."version" FROM "schema_migrations" ORDER BY "schema_migrations"."version" ASC[0m
Processing by OrdersController#show as */*
  Parameters: {"id"=>"4", "order"=>{}}
  [1m[36mOrder Load (12.1ms)[0m  [1m[34mSELECT "orders".* FROM "orders" WHERE "orders"."id" = $1 LIMIT $2[0m  [["id", 4], ["LIMIT", 1]]
  ↳ app/controllers/orders_controller.rb:9:in `show'
Completed 200 OK in 75ms (Views: 1.6ms | ActiveRecord: 41.4ms | Allocations: 5070)


Started GET "/orders/5" for 127.0.0.1 at 2020-11-20 16:46:36 +0300
Processing by OrdersController#show as */*
  Parameters: {"id"=>"5", "order"=>{}}
  [1m[36mOrder Load (78.3ms)[0m  [1m[34mSELECT "orders".* FROM "orders" WHERE "orders"."id" = $1 LIMIT $2[0m  [["id", 5], ["LIMIT", 1]]
  ↳ app/controllers/orders_controller.rb:9:in `show'
Completed 200 OK in 82ms (Views: 1.1ms | ActiveRecord: 78.3ms | Allocations: 866)


Started POST "/orders" for 127.0.0.1 at 2020-11-20 17:16:52 +0300
  [1m[35m (0.8ms)[0m  [1m[34mSELECT "schema_migrations"."version" FROM "schema_migrations" ORDER BY "schema_migrations"."version" ASC[0m
Processing by OrdersController#create as */*
  Parameters: {"amount"=>3445.76, "status"=>"Pending", "customer"=>{"id"=>32, "name"=>"Dean Martin"}, "order_detail"=>[{"id"=>1088, "name"=>"Nokia 7", "quantity"=>2, "price"=>235.45}, {"id"=>1684, "name"=>"Samsung X224-49 TV", "quantity"=>1, "price"=>433.99}], "order"=>{"amount"=>3445.76, "status"=>"Pending", "customer"=>{"id"=>32, "name"=>"Dean Martin"}, "order_detail"=>[{"id"=>1088, "name"=>"Nokia 7", "quantity"=>2, "price"=>235.45}, {"id"=>1684, "name"=>"Samsung X224-49 TV", "quantity"=>1, "price"=>433.99}]}}
[31mUnpermitted parameter: :order[0m
  [1m[35m (0.3ms)[0m  [1m[35mBEGIN[0m
  ↳ app/controllers/orders_controller.rb:14:in `create'
  [1m[36mOrder Create (2.5ms)[0m  [1m[32mINSERT INTO "orders" ("amount", "status", "customer", "order_detail", "created_at", "updated_at") VALUES ($1, $2, $3, $4, $5, $6) RETURNING "id"[0m  [["amount", 3445.76], ["status", "Pending"], ["customer", "{\"id\":32,\"name\":\"Dean Martin\"}"], ["order_detail", "[{\"id\":1088,\"name\":\"Nokia 7\",\"quantity\":2,\"price\":235.45},{\"id\":1684,\"name\":\"Samsung X224-49 TV\",\"quantity\":1,\"price\":433.99}]"], ["created_at", "2020-11-20 14:16:52.554559"], ["updated_at", "2020-11-20 14:16:52.554559"]]
  ↳ app/controllers/orders_controller.rb:14:in `create'
  [1m[35m (0.6ms)[0m  [1m[35mCOMMIT[0m
  ↳ app/controllers/orders_controller.rb:14:in `create'
Completed 201 Created in 68ms (Views: 0.6ms | ActiveRecord: 16.9ms | Allocations: 7576)


Started GET "/orders" for 127.0.0.1 at 2020-11-20 17:17:04 +0300
Processing by OrdersController#index as */*
  Parameters: {"order"=>{}}
  [1m[36mOrder Load (1.8ms)[0m  [1m[34mSELECT "orders".* FROM "orders"[0m
  ↳ app/controllers/orders_controller.rb:5:in `index'
Completed 200 OK in 5ms (Views: 3.0ms | ActiveRecord: 1.8ms | Allocations: 1161)


Started GET "/orders" for 127.0.0.1 at 2020-11-21 12:39:43 +0300
  [1m[35m (11.5ms)[0m  [1m[34mSELECT "schema_migrations"."version" FROM "schema_migrations" ORDER BY "schema_migrations"."version" ASC[0m
Processing by OrdersController#index as */*
  Parameters: {"order"=>{}}
  [1m[36mOrder Load (28.8ms)[0m  [1m[34mSELECT "orders".* FROM "orders"[0m
  ↳ app/controllers/orders_controller.rb:5:in `index'
No serializer found for resource: #<Order id: 6, amount: 3445.76, status: "Pending", customer: {"id"=>32, "name"=>"Dean Martin"}, order_detail: [{"id"=>1088, "name"=>"Nokia 7", "price"=>235.45, "quantity"=>2}, {"id"=>1684, "name"=>"Samsung X224-49 TV", "price"=>433.99, "quantity"=>1}], created_at: "2020-11-20 14:16:52", updated_at: "2020-11-20 14:16:52">
[active_model_serializers] Rendered ActiveModel::Serializer::CollectionSerializer with Order::ActiveRecord_Relation (1.03ms)
Completed 200 OK in 183ms (Views: 36.0ms | ActiveRecord: 177.1ms | Allocations: 5867)


Started GET "/orders/6" for 127.0.0.1 at 2020-11-21 13:09:43 +0300
  [1m[35m (7.3ms)[0m  [1m[34mSELECT "schema_migrations"."version" FROM "schema_migrations" ORDER BY "schema_migrations"."version" ASC[0m
Processing by OrdersController#show as */*
  Parameters: {"id"=>"6", "order"=>{}}
  [1m[36mOrder Load (16.9ms)[0m  [1m[34mSELECT "orders".* FROM "orders" WHERE "orders"."id" = $1 LIMIT $2[0m  [["id", 6], ["LIMIT", 1]]
  ↳ app/controllers/orders_controller.rb:9:in `show'
[active_model_serializers] Rendered ActiveModel::Serializer::Null with Order (1.63ms)
Completed 200 OK in 74ms (Views: 15.2ms | ActiveRecord: 32.1ms | Allocations: 5652)


